-- The CXX compiler identification is GNU 9.4.0
-- Detecting CXX compiler ABI info
-- Detecting CXX compiler ABI info - done
-- Check for working CXX compiler: /usr/bin/c++ - skipped
-- Detecting CXX compile features
-- Detecting CXX compile features - done
-- Found ament_cmake_auto: 0.9.11 (/opt/ros/foxy/share/ament_cmake_auto/cmake)
-- Found PythonInterp: /usr/bin/python3 (found suitable version "3.8.10", minimum required is "3") 
-- Using PYTHON_EXECUTABLE: /usr/bin/python3
WARNING: Package name "StringConnection" does not follow the naming conventions. It should start with a lower case letter and only contain lower case letters, digits, underscores, and dashes.
-- Using all available rosidl_typesupport_c: rosidl_typesupport_fastrtps_c;rosidl_typesupport_introspection_c
-- Found rosidl_adapter: 1.3.0 (/opt/ros/foxy/share/rosidl_adapter/cmake)
-- Found OpenSSL: /usr/lib/x86_64-linux-gnu/libcrypto.so (found version "1.1.1f")  
-- Found FastRTPS: /opt/ros/foxy/include  
-- Using all available rosidl_typesupport_cpp: rosidl_typesupport_fastrtps_cpp;rosidl_typesupport_introspection_cpp
-- Found rmw_implementation_cmake: 1.0.4 (/opt/ros/foxy/share/rmw_implementation_cmake/cmake)
-- Using RMW implementation 'rmw_fastrtps_cpp' as default
-- Performing Test CMAKE_HAVE_LIBC_PTHREAD
-- Performing Test CMAKE_HAVE_LIBC_PTHREAD - Failed
-- Looking for pthread_create in pthreads
-- Looking for pthread_create in pthreads - not found
-- Looking for pthread_create in pthread
-- Looking for pthread_create in pthread - found
-- Found Threads: TRUE  
-- Configuring done
-- Generating done
CMake Warning:
  Manually-specified variables were not used by the project:

    LF_REACTOR_CPP_SUFFIX


-- Build files have been written to: /home/cs/Desktop/lingua-franca/test/Cpp/build/StringConnection
[  5%] Building CXX object CMakeFiles/PubNode.dir/src/federated/StringConnection/Sub.cc.o
[ 11%] Building CXX object CMakeFiles/PubNode.dir/src/PubNode.cc.o
[ 16%] Building CXX object CMakeFiles/SubNode.dir/src/SubNode.cc.o
[ 22%] Building CXX object CMakeFiles/PubNode.dir/src/federated/StringConnection/Pub.cc.o
[ 27%] Building CXX object CMakeFiles/SubNode.dir/src/federated/StringConnection/Sub.cc.o
[ 33%] Building CXX object CMakeFiles/StringConnectionNode.dir/src/StringConnectionNode.cc.o
[ 38%] Building CXX object CMakeFiles/StringConnectionNode.dir/src/federated/StringConnection/Sub.cc.o
[ 44%] Building CXX object CMakeFiles/SubNode.dir/src/federated/StringConnection/Pub.cc.o
[ 50%] Building CXX object CMakeFiles/PubNode.dir/src/federated/StringConnection/_lf_preamble.cc.o
[ 66%] Building CXX object CMakeFiles/StringConnectionNode.dir/src/federated/StringConnection/Pub.cc.o
[ 66%] Building CXX object CMakeFiles/SubNode.dir/src/federated/StringConnection/StringConnection.cc.o
[ 55%] Building CXX object CMakeFiles/PubNode.dir/src/federated/StringConnection/StringConnection.cc.o
[ 72%] Building CXX object CMakeFiles/StringConnectionNode.dir/src/federated/StringConnection/StringConnection.cc.o
[ 77%] Building CXX object CMakeFiles/SubNode.dir/src/federated/StringConnection/_lf_preamble.cc.o
[ 83%] Building CXX object CMakeFiles/StringConnectionNode.dir/src/federated/StringConnection/_lf_preamble.cc.o
/home/cs/Desktop/lingua-franca/test/Cpp/src-gen/federated/StringConnection/src/StringConnectionNode.cc:25:33: error: stray ‘@’ in program
   25 |   org.lflang.lf.impl.ReactorImpl@591febcb (name: StringConnection) (federated: false, main: true, realtime: false)
      |                                 ^
/home/cs/Desktop/lingua-franca/test/Cpp/src-gen/federated/StringConnection/src/SubNode.cc:25:33: error: stray ‘@’ in program
   25 |   org.lflang.lf.impl.ReactorImpl@5b76b891 (name: Sub) (federated: false, main: false, realtime: false)
      |                                 ^
/home/cs/Desktop/lingua-franca/test/Cpp/src-gen/federated/StringConnection/src/PubNode.cc:25:33: error: stray ‘@’ in program
   25 |   org.lflang.lf.impl.ReactorImpl@63e0057a (name: Pub) (federated: false, main: false, realtime: false)
      |                                 ^
/home/cs/Desktop/lingua-franca/test/Cpp/src-gen/federated/StringConnection/src/StringConnectionNode.cc: In constructor ‘StringConnectionNode::StringConnectionNode(const rclcpp::NodeOptions&)’:
/home/cs/Desktop/lingua-franca/test/Cpp/src-gen/federated/StringConnection/src/StringConnectionNode.cc:25:3: error: ‘org’ was not declared in this scope
   25 |   org.lflang.lf.impl.ReactorImpl@591febcb (name: StringConnection) (federated: false, main: true, realtime: false)
      |   ^~~
/home/cs/Desktop/lingua-franca/test/Cpp/src-gen/federated/StringConnection/src/PubNode.cc: In constructor ‘PubNode::PubNode(const rclcpp::NodeOptions&)’:
/home/cs/Desktop/lingua-franca/test/Cpp/src-gen/federated/StringConnection/src/PubNode.cc:25:3: error: ‘org’ was not declared in this scope
   25 |   org.lflang.lf.impl.ReactorImpl@63e0057a (name: Pub) (federated: false, main: false, realtime: false)
      |   ^~~
/home/cs/Desktop/lingua-franca/test/Cpp/src-gen/federated/StringConnection/src/SubNode.cc: In constructor ‘SubNode::SubNode(const rclcpp::NodeOptions&)’:
/home/cs/Desktop/lingua-franca/test/Cpp/src-gen/federated/StringConnection/src/SubNode.cc:25:3: error: ‘org’ was not declared in this scope
   25 |   org.lflang.lf.impl.ReactorImpl@5b76b891 (name: Sub) (federated: false, main: false, realtime: false)
      |   ^~~
make[2]: *** [CMakeFiles/StringConnectionNode.dir/build.make:76: CMakeFiles/StringConnectionNode.dir/src/StringConnectionNode.cc.o] Error 1
make[2]: *** Waiting for unfinished jobs....
make[2]: *** [CMakeFiles/PubNode.dir/build.make:76: CMakeFiles/PubNode.dir/src/PubNode.cc.o] Error 1
make[2]: *** Waiting for unfinished jobs....
make[2]: *** [CMakeFiles/SubNode.dir/build.make:76: CMakeFiles/SubNode.dir/src/SubNode.cc.o] Error 1
make[1]: *** [CMakeFiles/Makefile2:193: CMakeFiles/SubNode.dir/all] Error 2
make[1]: *** Waiting for unfinished jobs....
make[1]: *** [CMakeFiles/Makefile2:167: CMakeFiles/PubNode.dir/all] Error 2
make[1]: *** [CMakeFiles/Makefile2:141: CMakeFiles/StringConnectionNode.dir/all] Error 2
make: *** [Makefile:146: all] Error 2
